<?xml version="1.0" encoding="UTF-8"?>
<!-- Generated by org.testng.reporters.JUnitReportReporter -->
<testsuite skipped="0" hostname="E0443121" name="test.PomDemoTest" tests="2" failures="0" timestamp="29 Mar 2019 07:36:22 GMT" time="36.848" errors="0">
  <testcase name="HomepagePostpaidLogin" time="19.650" classname="test.PomDemoTest"/>
  <testcase name="postpaidLogin" time="17.198" classname="test.PomDemoTest"/>
</testsuite> <!-- test.PomDemoTest -->
