<?xml version="1.0" encoding="UTF-8"?>
<!-- Generated by org.testng.reporters.JUnitReportReporter -->
<testsuite skipped="0" hostname="E0443121" name="test.PomDemoTest" tests="1" failures="0" timestamp="18 Mar 2019 08:46:46 GMT" time="9.761" errors="0">
  <testcase name="postpaidLogin" time="9.761" classname="test.PomDemoTest"/>
</testsuite> <!-- test.PomDemoTest -->
