<?xml version="1.0" encoding="UTF-8"?>
<!-- Generated by org.testng.reporters.JUnitReportReporter -->
<testsuite skipped="1" hostname="DESKTOP-0JJFGDT" name="test.PomDemoTest" tests="2" failures="0" timestamp="24 Mar 2019 17:23:24 GMT" time="23.051" errors="0">
  <testcase name="postpaidLogin" time="23.051" classname="test.PomDemoTest"/>
  <testcase name="LoginDinPrimaPagina" classname="test.PomDemoTest">
    <skipped/>
  </testcase> <!-- LoginDinPrimaPagina -->
</testsuite> <!-- test.PomDemoTest -->
